<?xml version="1.0" encoding="UTF-8"?>
<!-- Generated by org.testng.reporters.JUnitReportReporter -->
<testsuite hostname="SujithComputer" failures="0" tests="1" name="myRunner.Runner" time="25.272" errors="0" timestamp="31 Mar 2021 19:01:28 GMT" skipped="0">
  <testcase classname="myRunner.Runner" name="feature" time="25.272"/>
</testsuite> <!-- myRunner.Runner -->
